<?xml version="1.0" encoding="UTF-8"?>
<testng-results ignored="0" total="1" passed="1" failed="0" skipped="0">
  <reporter-output>
  </reporter-output>
  <suite started-at="2024-09-15T17:37:12 IST" name="Suite" finished-at="2024-09-15T17:37:18 IST" duration-ms="6070">
    <groups>
    </groups>
    <test started-at="2024-09-15T17:37:12 IST" name="Test" finished-at="2024-09-15T17:37:18 IST" duration-ms="6070">
      <class name="testNGCode.DemoTest">
        <test-method is-config="true" signature="init()[pri:0, instance:testNGCode.DemoTest@618425b5]" started-at="2024-09-15T17:37:12 IST" name="init" finished-at="2024-09-15T17:37:14 IST" duration-ms="2236" status="PASS">
          <reporter-output>
          </reporter-output>
        </test-method> <!-- init -->
        <test-method signature="login()[pri:0, instance:testNGCode.DemoTest@618425b5]" started-at="2024-09-15T17:37:14 IST" name="login" finished-at="2024-09-15T17:37:18 IST" duration-ms="3789" status="PASS">
          <reporter-output>
          </reporter-output>
        </test-method> <!-- login -->
      </class> <!-- testNGCode.DemoTest -->
    </test> <!-- Test -->
  </suite> <!-- Suite -->
</testng-results>
